<?xml version="1.0" encoding="utf-8"?><testsuite errors="0" failures="1" name="" skips="0" tests="1" time="6.827"><testcase classname="scripts.LoginTest.CheckLoginExample" name="test_login_show_gear" time="4.73867702484"><failure message="test failure">Traceback (most recent call last):
  File &quot;/Users/apailthorp/pysaunter_spike/conftest.py&quot;, line 32, in pytest_runtest_call
    raise(e)
AssertionError: assert &lt;bound method LoginPage.login of &lt;pages.login.LoginPage object at 0x10dd50390&gt;&gt;(&apos;g_user&apos;, &apos;testtest&apos;)
 +  where &lt;bound method LoginPage.login of &lt;pages.login.LoginPage object at 0x10dd50390&gt;&gt; = &lt;pages.login.LoginPage object at 0x10dd50390&gt;.login</failure></testcase></testsuite>